<?xml version="1.0" encoding="UTF-8"?>
<!-- Generated by org.testng.reporters.JUnitReportReporter -->
<testsuite hostname="Kani-HP" failures="0" tests="1" name="com.kani.jenkins.Jenkins_BitBucket.AmazonPage" time="10.939" errors="0" timestamp="2021-12-02T15:31:57 IST" skipped="0">
  <testcase classname="com.kani.jenkins.Jenkins_BitBucket.AmazonPage" name="fnVerifyPageTitle" time="10.939"/>
  <system-out/>
</testsuite> <!-- com.kani.jenkins.Jenkins_BitBucket.AmazonPage -->
