<?xml version="1.0" encoding="UTF-8"?>
<!-- Generated by org.testng.reporters.JUnitReportReporter -->
<testsuite skipped="0" hostname="Kani-HP" name="com.kani.jenkins.Jenkins_BitBucket.AmazonPage" tests="2" failures="0" timestamp="2021-12-02T17:40:46 IST" time="25.817" errors="0">
  <testcase name="fnVerifyPageTitle" time="12.407" classname="com.kani.jenkins.Jenkins_BitBucket.AmazonPage"/>
  <system-out/>
  <testcase name="fnVerifyPageTitle" time="13.410" classname="com.kani.jenkins.Jenkins_BitBucket.AmazonPage"/>
  <system-out/>
</testsuite> <!-- com.kani.jenkins.Jenkins_BitBucket.AmazonPage -->
